<?xml version="1.0" encoding="UTF-8"?>
<testsuite name="SILab2Test" tests="16" skipped="0" failures="0" errors="0" timestamp="2023-05-31T10:45:14" hostname="DESKTOP-MGA3JBP" time="0.026">
  <properties/>
  <testcase name="test10()" classname="SILab2Test" time="0.015"/>
  <testcase name="test12()" classname="SILab2Test" time="0.0"/>
  <testcase name="test13()" classname="SILab2Test" time="0.001"/>
  <testcase name="test14()" classname="SILab2Test" time="0.001"/>
  <testcase name="test15()" classname="SILab2Test" time="0.0"/>
  <testcase name="test16()" classname="SILab2Test" time="0.001"/>
  <testcase name="test17()" classname="SILab2Test" time="0.0"/>
  <testcase name="test1()" classname="SILab2Test" time="0.0"/>
  <testcase name="test2()" classname="SILab2Test" time="0.001"/>
  <testcase name="test3()" classname="SILab2Test" time="0.0"/>
  <testcase name="test4()" classname="SILab2Test" time="0.0"/>
  <testcase name="test5()" classname="SILab2Test" time="0.001"/>
  <testcase name="test6()" classname="SILab2Test" time="0.0"/>
  <testcase name="test7()" classname="SILab2Test" time="0.001"/>
  <testcase name="test8()" classname="SILab2Test" time="0.001"/>
  <testcase name="test9()" classname="SILab2Test" time="0.0"/>
  <system-out><![CDATA[]]></system-out>
  <system-err><![CDATA[]]></system-err>
</testsuite>
